2013/03/09 19:00:44 [error] [exception.CHttpException.404] exception 'CHttpException' with message 'Unable to resolve the request "_URL_".' in C:\xampp\htdocs\yii\framework\web\CWebApplication.php:286
Stack trace:
#0 C:\xampp\htdocs\yii\framework\web\CWebApplication.php(141): CWebApplication->runController('_URL_')
#1 C:\xampp\htdocs\yii\framework\base\CApplication.php(169): CWebApplication->processRequest()
#2 C:\xampp\htdocs\newsenkar\index.php(11): CApplication->run()
#3 {main}
REQUEST_URI=/newsenkar/_URL_
HTTP_REFERER=http://localhost/newsenkar/login
---
2013/03/09 19:15:38 [error] [exception.CHttpException.404] exception 'CHttpException' with message 'Unable to resolve the request "l".' in C:\xampp\htdocs\yii\framework\web\CWebApplication.php:286
Stack trace:
#0 C:\xampp\htdocs\yii\framework\web\CWebApplication.php(141): CWebApplication->runController('l')
#1 C:\xampp\htdocs\yii\framework\base\CApplication.php(169): CWebApplication->processRequest()
#2 C:\xampp\htdocs\newsenkar\index.php(11): CApplication->run()
#3 {main}
REQUEST_URI=/newsenkar/l
---
2013/03/09 19:58:56 [error] [exception.CHttpException.404] exception 'CHttpException' with message 'The system is unable to find the requested action "updateview".' in C:\xampp\htdocs\yii\framework\web\CController.php:483
Stack trace:
#0 C:\xampp\htdocs\yii\framework\web\CController.php(270): CController->missingAction('updateview')
#1 C:\xampp\htdocs\yii\framework\web\CWebApplication.php(282): CController->run('updateview')
#2 C:\xampp\htdocs\yii\framework\web\CWebApplication.php(141): CWebApplication->runController('user/updateview')
#3 C:\xampp\htdocs\yii\framework\base\CApplication.php(169): CWebApplication->processRequest()
#4 C:\xampp\htdocs\newsenkar\index.php(11): CApplication->run()
#5 {main}
REQUEST_URI=/newsenkar/viewuser?readonly=%27true%27
HTTP_REFERER=http://localhost/newsenkar/login
---
2013/03/09 19:59:47 [error] [exception.CHttpException.404] exception 'CHttpException' with message 'The system is unable to find the requested action "updateview".' in C:\xampp\htdocs\yii\framework\web\CController.php:483
Stack trace:
#0 C:\xampp\htdocs\yii\framework\web\CController.php(270): CController->missingAction('updateview')
#1 C:\xampp\htdocs\yii\framework\web\CWebApplication.php(282): CController->run('updateview')
#2 C:\xampp\htdocs\yii\framework\web\CWebApplication.php(141): CWebApplication->runController('user/updateview')
#3 C:\xampp\htdocs\yii\framework\base\CApplication.php(169): CWebApplication->processRequest()
#4 C:\xampp\htdocs\newsenkar\index.php(11): CApplication->run()
#5 {main}
REQUEST_URI=/newsenkar/viewuser?readonly=%27true%27
HTTP_REFERER=http://localhost/newsenkar/login
---
2013/03/09 19:59:50 [error] [exception.CHttpException.404] exception 'CHttpException' with message 'The system is unable to find the requested action "updateview".' in C:\xampp\htdocs\yii\framework\web\CController.php:483
Stack trace:
#0 C:\xampp\htdocs\yii\framework\web\CController.php(270): CController->missingAction('updateview')
#1 C:\xampp\htdocs\yii\framework\web\CWebApplication.php(282): CController->run('updateview')
#2 C:\xampp\htdocs\yii\framework\web\CWebApplication.php(141): CWebApplication->runController('user/updateview')
#3 C:\xampp\htdocs\yii\framework\base\CApplication.php(169): CWebApplication->processRequest()
#4 C:\xampp\htdocs\newsenkar\index.php(11): CApplication->run()
#5 {main}
REQUEST_URI=/newsenkar/viewuser?readonly=%27true%27
HTTP_REFERER=http://localhost/newsenkar/login
---
2013/03/09 19:59:58 [error] [exception.CHttpException.404] exception 'CHttpException' with message 'The system is unable to find the requested action "updateview".' in C:\xampp\htdocs\yii\framework\web\CController.php:483
Stack trace:
#0 C:\xampp\htdocs\yii\framework\web\CController.php(270): CController->missingAction('updateview')
#1 C:\xampp\htdocs\yii\framework\web\CWebApplication.php(282): CController->run('updateview')
#2 C:\xampp\htdocs\yii\framework\web\CWebApplication.php(141): CWebApplication->runController('user/updateview')
#3 C:\xampp\htdocs\yii\framework\base\CApplication.php(169): CWebApplication->processRequest()
#4 C:\xampp\htdocs\newsenkar\index.php(11): CApplication->run()
#5 {main}
REQUEST_URI=/newsenkar/viewuser?readonly=true
HTTP_REFERER=http://localhost/newsenkar/login
---
2013/03/09 20:01:18 [error] [exception.CException] exception 'CException' with message 'UserController cannot find the requested view "view".' in C:\xampp\htdocs\yii\framework\web\CController.php:878
Stack trace:
#0 C:\xampp\htdocs\yii\framework\web\CController.php(782): CController->renderPartial('view', Array, true)
#1 C:\xampp\htdocs\newsenkar\protected\controllers\UserController.php(18): CController->render('view', Array)
#2 [internal function]: UserController->actionViewUpdate('true')
#3 C:\xampp\htdocs\yii\framework\web\actions\CAction.php(108): ReflectionMethod->invokeArgs(Object(UserController), Array)
#4 C:\xampp\htdocs\yii\framework\web\actions\CInlineAction.php(47): CAction->runWithParamsInternal(Object(UserController), Object(ReflectionMethod), Array)
#5 C:\xampp\htdocs\yii\framework\web\CController.php(308): CInlineAction->runWithParams(Array)
#6 C:\xampp\htdocs\yii\framework\web\CController.php(286): CController->runAction(Object(CInlineAction))
#7 C:\xampp\htdocs\yii\framework\web\CController.php(265): CController->runActionWithFilters(Object(CInlineAction), Array)
#8 C:\xampp\htdocs\yii\framework\web\CWebApplication.php(282): CController->run('viewupdate')
#9 C:\xampp\htdocs\yii\framework\web\CWebApplication.php(141): CWebApplication->runController('user/viewupdate')
#10 C:\xampp\htdocs\yii\framework\base\CApplication.php(169): CWebApplication->processRequest()
#11 C:\xampp\htdocs\newsenkar\index.php(11): CApplication->run()
#12 {main}
REQUEST_URI=/newsenkar/viewuser?readonly=true
HTTP_REFERER=http://localhost/newsenkar/login
---
2013/03/09 20:03:01 [error] [php] Undefined variable: category (C:\xampp\htdocs\newsenkar\protected\views\user\view.php:25)
Stack trace:
#0 C:\xampp\htdocs\yii\framework\web\CController.php(869): UserController->renderFile()
#1 C:\xampp\htdocs\yii\framework\web\CController.php(782): UserController->renderPartial()
#2 C:\xampp\htdocs\newsenkar\protected\controllers\UserController.php(18): UserController->render()
#3 unknown(0): UserController->actionViewUpdate()
#4 C:\xampp\htdocs\yii\framework\web\actions\CAction.php(108): ReflectionMethod->invokeArgs()
#5 C:\xampp\htdocs\yii\framework\web\actions\CInlineAction.php(47): CInlineAction->runWithParamsInternal()
#6 C:\xampp\htdocs\yii\framework\web\CController.php(308): CInlineAction->runWithParams()
#7 C:\xampp\htdocs\yii\framework\web\CController.php(286): UserController->runAction()
#8 C:\xampp\htdocs\yii\framework\web\CController.php(265): UserController->runActionWithFilters()
#9 C:\xampp\htdocs\yii\framework\web\CWebApplication.php(282): UserController->run()
#10 C:\xampp\htdocs\yii\framework\web\CWebApplication.php(141): CWebApplication->runController()
#11 C:\xampp\htdocs\yii\framework\base\CApplication.php(169): CWebApplication->processRequest()
#12 C:\xampp\htdocs\newsenkar\index.php(11): CWebApplication->run()
REQUEST_URI=/newsenkar/viewuser?readonly=true
2013/03/09 20:04:21 [error] [exception.CException] exception 'CException' with message 'MainController cannot find the requested view "registrar".' in C:\xampp\htdocs\yii\framework\web\CController.php:878
Stack trace:
#0 C:\xampp\htdocs\yii\framework\web\CController.php(782): CController->renderPartial('registrar', NULL, true)
#1 C:\xampp\htdocs\newsenkar\protected\controllers\MainController.php(43): CController->render('registrar')
#2 C:\xampp\htdocs\yii\framework\web\actions\CInlineAction.php(49): MainController->actionViewRegistrar()
#3 C:\xampp\htdocs\yii\framework\web\CController.php(308): CInlineAction->runWithParams(Array)
#4 C:\xampp\htdocs\yii\framework\web\CController.php(286): CController->runAction(Object(CInlineAction))
#5 C:\xampp\htdocs\yii\framework\web\CController.php(265): CController->runActionWithFilters(Object(CInlineAction), Array)
#6 C:\xampp\htdocs\yii\framework\web\CWebApplication.php(282): CController->run('viewregistrar')
#7 C:\xampp\htdocs\yii\framework\web\CWebApplication.php(141): CWebApplication->runController('main/viewregist...')
#8 C:\xampp\htdocs\yii\framework\base\CApplication.php(169): CWebApplication->processRequest()
#9 C:\xampp\htdocs\newsenkar\index.php(11): CApplication->run()
#10 {main}
REQUEST_URI=/newsenkar/registrar
HTTP_REFERER=http://localhost/newsenkar/login
---
2013/03/09 21:51:09 [error] [exception.CHttpException.404] exception 'CHttpException' with message 'Unable to resolve the request "update".' in C:\xampp\htdocs\yii\framework\web\CWebApplication.php:286
Stack trace:
#0 C:\xampp\htdocs\yii\framework\web\CWebApplication.php(141): CWebApplication->runController('update')
#1 C:\xampp\htdocs\yii\framework\base\CApplication.php(169): CWebApplication->processRequest()
#2 C:\xampp\htdocs\newsenkar\index.php(11): CApplication->run()
#3 {main}
REQUEST_URI=/newsenkar/update
HTTP_REFERER=http://localhost/newsenkar/viewuser
---
2013/03/09 22:47:08 [error] [exception.CHttpException.400] exception 'CHttpException' with message 'Your request is invalid.' in C:\xampp\htdocs\yii\framework\web\CController.php:336
Stack trace:
#0 C:\xampp\htdocs\yii\framework\web\CController.php(309): CController->invalidActionParams(Object(CInlineAction))
#1 C:\xampp\htdocs\yii\framework\web\CController.php(286): CController->runAction(Object(CInlineAction))
#2 C:\xampp\htdocs\yii\framework\web\CController.php(265): CController->runActionWithFilters(Object(CInlineAction), Array)
#3 C:\xampp\htdocs\yii\framework\web\CWebApplication.php(282): CController->run('viewupdate')
#4 C:\xampp\htdocs\yii\framework\web\CWebApplication.php(141): CWebApplication->runController('user/viewupdate')
#5 C:\xampp\htdocs\yii\framework\base\CApplication.php(169): CWebApplication->processRequest()
#6 C:\xampp\htdocs\newsenkar\index.php(11): CApplication->run()
#7 {main}
REQUEST_URI=/newsenkar/viewuser?readonly=true
HTTP_REFERER=http://localhost/newsenkar/login
---
2013/03/09 22:48:03 [error] [php] Undefined variable: name (C:\xampp\htdocs\newsenkar\protected\views\main\managementInterface.php:38)
Stack trace:
#0 C:\xampp\htdocs\yii\framework\web\CController.php(869): MainController->renderFile()
#1 C:\xampp\htdocs\yii\framework\web\CController.php(782): MainController->renderPartial()
#2 C:\xampp\htdocs\newsenkar\protected\controllers\MainController.php(27): MainController->render()
#3 C:\xampp\htdocs\yii\framework\web\actions\CInlineAction.php(49): MainController->actionLogin()
#4 C:\xampp\htdocs\yii\framework\web\CController.php(308): CInlineAction->runWithParams()
#5 C:\xampp\htdocs\yii\framework\web\CController.php(286): MainController->runAction()
#6 C:\xampp\htdocs\yii\framework\web\CController.php(265): MainController->runActionWithFilters()
#7 C:\xampp\htdocs\yii\framework\web\CWebApplication.php(282): MainController->run()
#8 C:\xampp\htdocs\yii\framework\web\CWebApplication.php(141): CWebApplication->runController()
#9 C:\xampp\htdocs\yii\framework\base\CApplication.php(169): CWebApplication->processRequest()
#10 C:\xampp\htdocs\newsenkar\index.php(11): CWebApplication->run()
REQUEST_URI=/newsenkar/login
2013/03/09 22:53:48 [error] [exception.CHttpException.400] exception 'CHttpException' with message 'Your request is invalid.' in C:\xampp\htdocs\yii\framework\web\CController.php:336
Stack trace:
#0 C:\xampp\htdocs\yii\framework\web\CController.php(309): CController->invalidActionParams(Object(CInlineAction))
#1 C:\xampp\htdocs\yii\framework\web\CController.php(286): CController->runAction(Object(CInlineAction))
#2 C:\xampp\htdocs\yii\framework\web\CController.php(265): CController->runActionWithFilters(Object(CInlineAction), Array)
#3 C:\xampp\htdocs\yii\framework\web\CWebApplication.php(282): CController->run('viewupdate')
#4 C:\xampp\htdocs\yii\framework\web\CWebApplication.php(141): CWebApplication->runController('user/viewupdate')
#5 C:\xampp\htdocs\yii\framework\base\CApplication.php(169): CWebApplication->processRequest()
#6 C:\xampp\htdocs\newsenkar\index.php(11): CApplication->run()
#7 {main}
REQUEST_URI=/newsenkar/viewuser
HTTP_REFERER=http://localhost/newsenkar/viewuser?id=116&readonly=true
---
2013/03/09 23:07:21 [error] [exception.CException] exception 'CException' with message 'UserController cannot find the requested view "login".' in C:\xampp\htdocs\yii\framework\web\CController.php:878
Stack trace:
#0 C:\xampp\htdocs\yii\framework\web\CController.php(782): CController->renderPartial('login', Array, true)
#1 C:\xampp\htdocs\newsenkar\protected\controllers\UserController.php(63): CController->render('login', Array)
#2 [internal function]: UserController->actionDelete('118')
#3 C:\xampp\htdocs\yii\framework\web\actions\CAction.php(108): ReflectionMethod->invokeArgs(Object(UserController), Array)
#4 C:\xampp\htdocs\yii\framework\web\actions\CInlineAction.php(47): CAction->runWithParamsInternal(Object(UserController), Object(ReflectionMethod), Array)
#5 C:\xampp\htdocs\yii\framework\web\CController.php(308): CInlineAction->runWithParams(Array)
#6 C:\xampp\htdocs\yii\framework\web\CController.php(286): CController->runAction(Object(CInlineAction))
#7 C:\xampp\htdocs\yii\framework\web\CController.php(265): CController->runActionWithFilters(Object(CInlineAction), Array)
#8 C:\xampp\htdocs\yii\framework\web\CWebApplication.php(282): CController->run('delete')
#9 C:\xampp\htdocs\yii\framework\web\CWebApplication.php(141): CWebApplication->runController('user/delete')
#10 C:\xampp\htdocs\yii\framework\base\CApplication.php(169): CWebApplication->processRequest()
#11 C:\xampp\htdocs\newsenkar\index.php(11): CApplication->run()
#12 {main}
REQUEST_URI=/newsenkar/deleteuser?id=118
HTTP_REFERER=http://localhost/newsenkar/updateuser
---
2013/03/09 23:23:27 [error] [php] Undefined variable: msg (C:\xampp\htdocs\newsenkar\protected\views\main\login.php:55)
Stack trace:
#0 C:\xampp\htdocs\yii\framework\web\CController.php(869): MainController->renderFile()
#1 C:\xampp\htdocs\yii\framework\web\CController.php(782): MainController->renderPartial()
#2 C:\xampp\htdocs\newsenkar\protected\controllers\MainController.php(8): MainController->render()
#3 C:\xampp\htdocs\yii\framework\web\actions\CInlineAction.php(49): MainController->actionIndex()
#4 C:\xampp\htdocs\yii\framework\web\CController.php(308): CInlineAction->runWithParams()
#5 C:\xampp\htdocs\yii\framework\web\CController.php(286): MainController->runAction()
#6 C:\xampp\htdocs\yii\framework\web\CController.php(265): MainController->runActionWithFilters()
#7 C:\xampp\htdocs\yii\framework\web\CWebApplication.php(282): MainController->run()
#8 C:\xampp\htdocs\yii\framework\web\CWebApplication.php(141): CWebApplication->runController()
#9 C:\xampp\htdocs\yii\framework\base\CApplication.php(169): CWebApplication->processRequest()
#10 C:\xampp\htdocs\newsenkar\index.php(11): CWebApplication->run()
REQUEST_URI=/newsenkar/viewlogin
2013/03/11 10:00:41 [error] [exception.CException] exception 'CException' with message 'UserController cannot find the requested view "cahngepassword".' in C:\xampp\htdocs\yii\framework\web\CController.php:878
Stack trace:
#0 C:\xampp\htdocs\yii\framework\web\CController.php(782): CController->renderPartial('cahngepassword', NULL, true)
#1 C:\xampp\htdocs\newsenkar\protected\controllers\UserController.php(70): CController->render('cahngepassword')
#2 C:\xampp\htdocs\yii\framework\web\actions\CInlineAction.php(49): UserController->actionViewPassword()
#3 C:\xampp\htdocs\yii\framework\web\CController.php(308): CInlineAction->runWithParams(Array)
#4 C:\xampp\htdocs\yii\framework\web\CController.php(286): CController->runAction(Object(CInlineAction))
#5 C:\xampp\htdocs\yii\framework\web\CController.php(265): CController->runActionWithFilters(Object(CInlineAction), Array)
#6 C:\xampp\htdocs\yii\framework\web\CWebApplication.php(282): CController->run('viewpassword')
#7 C:\xampp\htdocs\yii\framework\web\CWebApplication.php(141): CWebApplication->runController('user/viewpasswo...')
#8 C:\xampp\htdocs\yii\framework\base\CApplication.php(169): CWebApplication->processRequest()
#9 C:\xampp\htdocs\newsenkar\index.php(11): CApplication->run()
#10 {main}
REQUEST_URI=/newsenkar/changepassword
HTTP_REFERER=http://localhost/newsenkar/viewuser?id=1&readonly=true
---
2013/03/11 10:01:24 [error] [exception.CException] exception 'CException' with message 'UserController cannot find the requested view "cahngepassword".' in C:\xampp\htdocs\yii\framework\web\CController.php:878
Stack trace:
#0 C:\xampp\htdocs\yii\framework\web\CController.php(782): CController->renderPartial('cahngepassword', NULL, true)
#1 C:\xampp\htdocs\newsenkar\protected\controllers\UserController.php(70): CController->render('cahngepassword')
#2 C:\xampp\htdocs\yii\framework\web\actions\CInlineAction.php(49): UserController->actionViewPassword()
#3 C:\xampp\htdocs\yii\framework\web\CController.php(308): CInlineAction->runWithParams(Array)
#4 C:\xampp\htdocs\yii\framework\web\CController.php(286): CController->runAction(Object(CInlineAction))
#5 C:\xampp\htdocs\yii\framework\web\CController.php(265): CController->runActionWithFilters(Object(CInlineAction), Array)
#6 C:\xampp\htdocs\yii\framework\web\CWebApplication.php(282): CController->run('viewpassword')
#7 C:\xampp\htdocs\yii\framework\web\CWebApplication.php(141): CWebApplication->runController('user/viewpasswo...')
#8 C:\xampp\htdocs\yii\framework\base\CApplication.php(169): CWebApplication->processRequest()
#9 C:\xampp\htdocs\newsenkar\index.php(11): CApplication->run()
#10 {main}
REQUEST_URI=/newsenkar/changepassword
HTTP_REFERER=http://localhost/newsenkar/viewuser?id=1&readonly=true
---
2013/03/11 10:01:25 [error] [exception.CException] exception 'CException' with message 'UserController cannot find the requested view "cahngepassword".' in C:\xampp\htdocs\yii\framework\web\CController.php:878
Stack trace:
#0 C:\xampp\htdocs\yii\framework\web\CController.php(782): CController->renderPartial('cahngepassword', NULL, true)
#1 C:\xampp\htdocs\newsenkar\protected\controllers\UserController.php(70): CController->render('cahngepassword')
#2 C:\xampp\htdocs\yii\framework\web\actions\CInlineAction.php(49): UserController->actionViewPassword()
#3 C:\xampp\htdocs\yii\framework\web\CController.php(308): CInlineAction->runWithParams(Array)
#4 C:\xampp\htdocs\yii\framework\web\CController.php(286): CController->runAction(Object(CInlineAction))
#5 C:\xampp\htdocs\yii\framework\web\CController.php(265): CController->runActionWithFilters(Object(CInlineAction), Array)
#6 C:\xampp\htdocs\yii\framework\web\CWebApplication.php(282): CController->run('viewpassword')
#7 C:\xampp\htdocs\yii\framework\web\CWebApplication.php(141): CWebApplication->runController('user/viewpasswo...')
#8 C:\xampp\htdocs\yii\framework\base\CApplication.php(169): CWebApplication->processRequest()
#9 C:\xampp\htdocs\newsenkar\index.php(11): CApplication->run()
#10 {main}
REQUEST_URI=/newsenkar/changepassword
HTTP_REFERER=http://localhost/newsenkar/viewuser?id=1&readonly=true
---
2013/03/11 10:01:30 [error] [exception.CException] exception 'CException' with message 'UserController cannot find the requested view "cahngepassword".' in C:\xampp\htdocs\yii\framework\web\CController.php:878
Stack trace:
#0 C:\xampp\htdocs\yii\framework\web\CController.php(782): CController->renderPartial('cahngepassword', NULL, true)
#1 C:\xampp\htdocs\newsenkar\protected\controllers\UserController.php(70): CController->render('cahngepassword')
#2 C:\xampp\htdocs\yii\framework\web\actions\CInlineAction.php(49): UserController->actionViewPassword()
#3 C:\xampp\htdocs\yii\framework\web\CController.php(308): CInlineAction->runWithParams(Array)
#4 C:\xampp\htdocs\yii\framework\web\CController.php(286): CController->runAction(Object(CInlineAction))
#5 C:\xampp\htdocs\yii\framework\web\CController.php(265): CController->runActionWithFilters(Object(CInlineAction), Array)
#6 C:\xampp\htdocs\yii\framework\web\CWebApplication.php(282): CController->run('viewpassword')
#7 C:\xampp\htdocs\yii\framework\web\CWebApplication.php(141): CWebApplication->runController('user/viewpasswo...')
#8 C:\xampp\htdocs\yii\framework\base\CApplication.php(169): CWebApplication->processRequest()
#9 C:\xampp\htdocs\newsenkar\index.php(11): CApplication->run()
#10 {main}
REQUEST_URI=/newsenkar/changepassword
HTTP_REFERER=http://localhost/newsenkar/viewuser?id=1&readonly=true
---
2013/03/11 10:21:55 [error] [exception.CHttpException.404] exception 'CHttpException' with message 'Unable to resolve the request "updatepassword".' in C:\xampp\htdocs\yii\framework\web\CWebApplication.php:286
Stack trace:
#0 C:\xampp\htdocs\yii\framework\web\CWebApplication.php(141): CWebApplication->runController('updatepassword')
#1 C:\xampp\htdocs\yii\framework\base\CApplication.php(169): CWebApplication->processRequest()
#2 C:\xampp\htdocs\newsenkar\index.php(11): CApplication->run()
#3 {main}
REQUEST_URI=/newsenkar/updatepassword
HTTP_REFERER=http://localhost/newsenkar/changepassword
---
2013/03/11 10:34:52 [error] [php] Undefined variable: url (C:\xampp\htdocs\newsenkar\protected\controllers\UserController.php:85)
Stack trace:
#0 C:\xampp\htdocs\yii\framework\web\CController.php(286): UserController->runAction()
#1 C:\xampp\htdocs\yii\framework\web\CController.php(265): UserController->runActionWithFilters()
#2 C:\xampp\htdocs\yii\framework\web\CWebApplication.php(282): UserController->run()
#3 C:\xampp\htdocs\yii\framework\web\CWebApplication.php(141): CWebApplication->runController()
#4 C:\xampp\htdocs\yii\framework\base\CApplication.php(169): CWebApplication->processRequest()
#5 C:\xampp\htdocs\newsenkar\index.php(11): CWebApplication->run()
REQUEST_URI=/newsenkar/updatepassword
2013/03/11 10:35:49 [error] [php] Undefined variable: msg (C:\xampp\htdocs\newsenkar\protected\controllers\MainController.php:91)
Stack trace:
#0 C:\xampp\htdocs\yii\framework\web\CController.php(286): MainController->runAction()
#1 C:\xampp\htdocs\yii\framework\web\CController.php(265): MainController->runActionWithFilters()
#2 C:\xampp\htdocs\yii\framework\web\CWebApplication.php(282): MainController->run()
#3 C:\xampp\htdocs\yii\framework\web\CWebApplication.php(141): CWebApplication->runController()
#4 C:\xampp\htdocs\yii\framework\base\CApplication.php(169): CWebApplication->processRequest()
#5 C:\xampp\htdocs\newsenkar\index.php(11): CWebApplication->run()
REQUEST_URI=/newsenkar/management
2013/03/11 10:36:26 [error] [exception.CHttpException.400] exception 'CHttpException' with message 'Your request is invalid.' in C:\xampp\htdocs\yii\framework\web\CController.php:336
Stack trace:
#0 C:\xampp\htdocs\yii\framework\web\CController.php(309): CController->invalidActionParams(Object(CInlineAction))
#1 C:\xampp\htdocs\yii\framework\web\CController.php(286): CController->runAction(Object(CInlineAction))
#2 C:\xampp\htdocs\yii\framework\web\CController.php(265): CController->runActionWithFilters(Object(CInlineAction), Array)
#3 C:\xampp\htdocs\yii\framework\web\CWebApplication.php(282): CController->run('management')
#4 C:\xampp\htdocs\yii\framework\web\CWebApplication.php(141): CWebApplication->runController('main/management')
#5 C:\xampp\htdocs\yii\framework\base\CApplication.php(169): CWebApplication->processRequest()
#6 C:\xampp\htdocs\newsenkar\index.php(11): CApplication->run()
#7 {main}
REQUEST_URI=/newsenkar/management
HTTP_REFERER=http://localhost/newsenkar/changepassword
---
2013/03/11 10:36:44 [error] [exception.CHttpException.400] exception 'CHttpException' with message 'Your request is invalid.' in C:\xampp\htdocs\yii\framework\web\CController.php:336
Stack trace:
#0 C:\xampp\htdocs\yii\framework\web\CController.php(309): CController->invalidActionParams(Object(CInlineAction))
#1 C:\xampp\htdocs\yii\framework\web\CController.php(286): CController->runAction(Object(CInlineAction))
#2 C:\xampp\htdocs\yii\framework\web\CController.php(265): CController->runActionWithFilters(Object(CInlineAction), Array)
#3 C:\xampp\htdocs\yii\framework\web\CWebApplication.php(282): CController->run('management')
#4 C:\xampp\htdocs\yii\framework\web\CWebApplication.php(141): CWebApplication->runController('main/management')
#5 C:\xampp\htdocs\yii\framework\base\CApplication.php(169): CWebApplication->processRequest()
#6 C:\xampp\htdocs\newsenkar\index.php(11): CApplication->run()
#7 {main}
REQUEST_URI=/newsenkar/management
---
2013/03/11 11:21:47 [error] [exception.CHttpException.404] exception 'CHttpException' with message 'The system is unable to find the requested action "view".' in C:\xampp\htdocs\yii\framework\web\CController.php:483
Stack trace:
#0 C:\xampp\htdocs\yii\framework\web\CController.php(270): CController->missingAction('view')
#1 C:\xampp\htdocs\yii\framework\web\CWebApplication.php(282): CController->run('view')
#2 C:\xampp\htdocs\yii\framework\web\CWebApplication.php(141): CWebApplication->runController('main/view/manag...')
#3 C:\xampp\htdocs\yii\framework\base\CApplication.php(169): CWebApplication->processRequest()
#4 C:\xampp\htdocs\newsenkar\index.php(11): CApplication->run()
#5 {main}
REQUEST_URI=/newsenkar/management
HTTP_REFERER=http://localhost/newsenkar/changepassword
---
2013/03/11 11:22:20 [error] [exception.CHttpException.404] exception 'CHttpException' with message 'The system is unable to find the requested action "main".' in C:\xampp\htdocs\yii\framework\web\CController.php:483
Stack trace:
#0 C:\xampp\htdocs\yii\framework\web\CController.php(270): CController->missingAction('main')
#1 C:\xampp\htdocs\yii\framework\web\CWebApplication.php(282): CController->run('main')
#2 C:\xampp\htdocs\yii\framework\web\CWebApplication.php(141): CWebApplication->runController('main/main/manag...')
#3 C:\xampp\htdocs\yii\framework\base\CApplication.php(169): CWebApplication->processRequest()
#4 C:\xampp\htdocs\newsenkar\index.php(11): CApplication->run()
#5 {main}
REQUEST_URI=/newsenkar/management
HTTP_REFERER=http://localhost/newsenkar/changepassword
---
2013/03/11 11:22:21 [error] [exception.CHttpException.404] exception 'CHttpException' with message 'The system is unable to find the requested action "main".' in C:\xampp\htdocs\yii\framework\web\CController.php:483
Stack trace:
#0 C:\xampp\htdocs\yii\framework\web\CController.php(270): CController->missingAction('main')
#1 C:\xampp\htdocs\yii\framework\web\CWebApplication.php(282): CController->run('main')
#2 C:\xampp\htdocs\yii\framework\web\CWebApplication.php(141): CWebApplication->runController('main/main/manag...')
#3 C:\xampp\htdocs\yii\framework\base\CApplication.php(169): CWebApplication->processRequest()
#4 C:\xampp\htdocs\newsenkar\index.php(11): CApplication->run()
#5 {main}
REQUEST_URI=/newsenkar/management
HTTP_REFERER=http://localhost/newsenkar/changepassword
---
2013/03/11 11:22:25 [error] [exception.CHttpException.404] exception 'CHttpException' with message 'The system is unable to find the requested action "main".' in C:\xampp\htdocs\yii\framework\web\CController.php:483
Stack trace:
#0 C:\xampp\htdocs\yii\framework\web\CController.php(270): CController->missingAction('main')
#1 C:\xampp\htdocs\yii\framework\web\CWebApplication.php(282): CController->run('main')
#2 C:\xampp\htdocs\yii\framework\web\CWebApplication.php(141): CWebApplication->runController('main/main/manag...')
#3 C:\xampp\htdocs\yii\framework\base\CApplication.php(169): CWebApplication->processRequest()
#4 C:\xampp\htdocs\newsenkar\index.php(11): CApplication->run()
#5 {main}
REQUEST_URI=/newsenkar/management
HTTP_REFERER=http://localhost/newsenkar/changepassword
---
2013/03/11 11:59:13 [error] [php] Undefined variable: msg (C:\xampp\htdocs\newsenkar\protected\controllers\MainController.php:91)
Stack trace:
#0 C:\xampp\htdocs\yii\framework\web\CController.php(286): MainController->runAction()
#1 C:\xampp\htdocs\yii\framework\web\CController.php(265): MainController->runActionWithFilters()
#2 C:\xampp\htdocs\yii\framework\web\CWebApplication.php(282): MainController->run()
#3 C:\xampp\htdocs\yii\framework\web\CWebApplication.php(141): CWebApplication->runController()
#4 C:\xampp\htdocs\yii\framework\base\CApplication.php(169): CWebApplication->processRequest()
#5 C:\xampp\htdocs\newsenkar\index.php(11): CWebApplication->run()
REQUEST_URI=/newsenkar/management
2013/03/11 11:59:41 [error] [php] Undefined variable: user (C:\xampp\htdocs\newsenkar\protected\views\main\managementInterface.php:43)
Stack trace:
#0 C:\xampp\htdocs\yii\framework\web\CController.php(869): MainController->renderFile()
#1 C:\xampp\htdocs\yii\framework\web\CController.php(782): MainController->renderPartial()
#2 C:\xampp\htdocs\newsenkar\protected\controllers\MainController.php(91): MainController->render()
#3 C:\xampp\htdocs\yii\framework\web\actions\CInlineAction.php(49): MainController->actionManagement()
#4 C:\xampp\htdocs\yii\framework\web\CController.php(308): CInlineAction->runWithParams()
#5 C:\xampp\htdocs\yii\framework\web\CController.php(286): MainController->runAction()
#6 C:\xampp\htdocs\yii\framework\web\CController.php(265): MainController->runActionWithFilters()
#7 C:\xampp\htdocs\yii\framework\web\CWebApplication.php(282): MainController->run()
#8 C:\xampp\htdocs\yii\framework\web\CWebApplication.php(141): CWebApplication->runController()
#9 C:\xampp\htdocs\yii\framework\base\CApplication.php(169): CWebApplication->processRequest()
#10 C:\xampp\htdocs\newsenkar\index.php(11): CWebApplication->run()
REQUEST_URI=/newsenkar/management
2013/03/11 12:01:14 [error] [php] Undefined variable: user (C:\xampp\htdocs\newsenkar\protected\views\main\managementInterface.php:43)
Stack trace:
#0 C:\xampp\htdocs\yii\framework\web\CController.php(869): MainController->renderFile()
#1 C:\xampp\htdocs\yii\framework\web\CController.php(782): MainController->renderPartial()
#2 C:\xampp\htdocs\newsenkar\protected\controllers\MainController.php(91): MainController->render()
#3 C:\xampp\htdocs\yii\framework\web\actions\CInlineAction.php(49): MainController->actionManagement()
#4 C:\xampp\htdocs\yii\framework\web\CController.php(308): CInlineAction->runWithParams()
#5 C:\xampp\htdocs\yii\framework\web\CController.php(286): MainController->runAction()
#6 C:\xampp\htdocs\yii\framework\web\CController.php(265): MainController->runActionWithFilters()
#7 C:\xampp\htdocs\yii\framework\web\CWebApplication.php(282): MainController->run()
#8 C:\xampp\htdocs\yii\framework\web\CWebApplication.php(141): CWebApplication->runController()
#9 C:\xampp\htdocs\yii\framework\base\CApplication.php(169): CWebApplication->processRequest()
#10 C:\xampp\htdocs\newsenkar\index.php(11): CWebApplication->run()
REQUEST_URI=/newsenkar/management
2013/03/11 12:01:15 [error] [php] Undefined variable: user (C:\xampp\htdocs\newsenkar\protected\views\main\managementInterface.php:43)
Stack trace:
#0 C:\xampp\htdocs\yii\framework\web\CController.php(869): MainController->renderFile()
#1 C:\xampp\htdocs\yii\framework\web\CController.php(782): MainController->renderPartial()
#2 C:\xampp\htdocs\newsenkar\protected\controllers\MainController.php(91): MainController->render()
#3 C:\xampp\htdocs\yii\framework\web\actions\CInlineAction.php(49): MainController->actionManagement()
#4 C:\xampp\htdocs\yii\framework\web\CController.php(308): CInlineAction->runWithParams()
#5 C:\xampp\htdocs\yii\framework\web\CController.php(286): MainController->runAction()
#6 C:\xampp\htdocs\yii\framework\web\CController.php(265): MainController->runActionWithFilters()
#7 C:\xampp\htdocs\yii\framework\web\CWebApplication.php(282): MainController->run()
#8 C:\xampp\htdocs\yii\framework\web\CWebApplication.php(141): CWebApplication->runController()
#9 C:\xampp\htdocs\yii\framework\base\CApplication.php(169): CWebApplication->processRequest()
#10 C:\xampp\htdocs\newsenkar\index.php(11): CWebApplication->run()
REQUEST_URI=/newsenkar/management
2013/03/11 12:01:20 [error] [php] Undefined variable: user (C:\xampp\htdocs\newsenkar\protected\views\main\managementInterface.php:43)
Stack trace:
#0 C:\xampp\htdocs\yii\framework\web\CController.php(869): MainController->renderFile()
#1 C:\xampp\htdocs\yii\framework\web\CController.php(782): MainController->renderPartial()
#2 C:\xampp\htdocs\newsenkar\protected\controllers\MainController.php(91): MainController->render()
#3 C:\xampp\htdocs\yii\framework\web\actions\CInlineAction.php(49): MainController->actionManagement()
#4 C:\xampp\htdocs\yii\framework\web\CController.php(308): CInlineAction->runWithParams()
#5 C:\xampp\htdocs\yii\framework\web\CController.php(286): MainController->runAction()
#6 C:\xampp\htdocs\yii\framework\web\CController.php(265): MainController->runActionWithFilters()
#7 C:\xampp\htdocs\yii\framework\web\CWebApplication.php(282): MainController->run()
#8 C:\xampp\htdocs\yii\framework\web\CWebApplication.php(141): CWebApplication->runController()
#9 C:\xampp\htdocs\yii\framework\base\CApplication.php(169): CWebApplication->processRequest()
#10 C:\xampp\htdocs\newsenkar\index.php(11): CWebApplication->run()
REQUEST_URI=/newsenkar/management
2013/03/11 12:02:21 [error] [php] Undefined variable: user (C:\xampp\htdocs\newsenkar\protected\views\main\managementInterface.php:43)
Stack trace:
#0 C:\xampp\htdocs\yii\framework\web\CController.php(869): MainController->renderFile()
#1 C:\xampp\htdocs\yii\framework\web\CController.php(782): MainController->renderPartial()
#2 C:\xampp\htdocs\newsenkar\protected\controllers\MainController.php(91): MainController->render()
#3 C:\xampp\htdocs\yii\framework\web\actions\CInlineAction.php(49): MainController->actionManagement()
#4 C:\xampp\htdocs\yii\framework\web\CController.php(308): CInlineAction->runWithParams()
#5 C:\xampp\htdocs\yii\framework\web\CController.php(286): MainController->runAction()
#6 C:\xampp\htdocs\yii\framework\web\CController.php(265): MainController->runActionWithFilters()
#7 C:\xampp\htdocs\yii\framework\web\CWebApplication.php(282): MainController->run()
#8 C:\xampp\htdocs\yii\framework\web\CWebApplication.php(141): CWebApplication->runController()
#9 C:\xampp\htdocs\yii\framework\base\CApplication.php(169): CWebApplication->processRequest()
#10 C:\xampp\htdocs\newsenkar\index.php(11): CWebApplication->run()
REQUEST_URI=/newsenkar/management
2013/03/11 13:02:12 [error] [php] Undefined variable: msg (C:\xampp\htdocs\newsenkar\protected\controllers\MainController.php:91)
Stack trace:
#0 C:\xampp\htdocs\yii\framework\web\CController.php(286): MainController->runAction()
#1 C:\xampp\htdocs\yii\framework\web\CController.php(265): MainController->runActionWithFilters()
#2 C:\xampp\htdocs\yii\framework\web\CWebApplication.php(282): MainController->run()
#3 C:\xampp\htdocs\yii\framework\web\CWebApplication.php(141): CWebApplication->runController()
#4 C:\xampp\htdocs\yii\framework\base\CApplication.php(169): CWebApplication->processRequest()
#5 C:\xampp\htdocs\newsenkar\index.php(11): CWebApplication->run()
REQUEST_URI=/newsenkar/management
2013/03/11 13:02:53 [error] [php] Undefined variable: user (C:\xampp\htdocs\newsenkar\protected\views\main\managementInterface.php:43)
Stack trace:
#0 C:\xampp\htdocs\yii\framework\web\CController.php(869): MainController->renderFile()
#1 C:\xampp\htdocs\yii\framework\web\CController.php(782): MainController->renderPartial()
#2 C:\xampp\htdocs\newsenkar\protected\controllers\MainController.php(92): MainController->render()
#3 unknown(0): MainController->actionManagement()
#4 C:\xampp\htdocs\yii\framework\web\actions\CAction.php(108): ReflectionMethod->invokeArgs()
#5 C:\xampp\htdocs\yii\framework\web\actions\CInlineAction.php(47): CInlineAction->runWithParamsInternal()
#6 C:\xampp\htdocs\yii\framework\web\CController.php(308): CInlineAction->runWithParams()
#7 C:\xampp\htdocs\yii\framework\web\CController.php(286): MainController->runAction()
#8 C:\xampp\htdocs\yii\framework\web\CController.php(265): MainController->runActionWithFilters()
#9 C:\xampp\htdocs\yii\framework\web\CWebApplication.php(282): MainController->run()
#10 C:\xampp\htdocs\yii\framework\web\CWebApplication.php(141): CWebApplication->runController()
#11 C:\xampp\htdocs\yii\framework\base\CApplication.php(169): CWebApplication->processRequest()
#12 C:\xampp\htdocs\newsenkar\index.php(11): CWebApplication->run()
REQUEST_URI=/newsenkar/management
2013/03/11 13:14:53 [error] [exception.CHttpException.404] exception 'CHttpException' with message 'The system is unable to find the requested action "allCategory".' in C:\xampp\htdocs\yii\framework\web\CController.php:483
Stack trace:
#0 C:\xampp\htdocs\yii\framework\web\CController.php(270): CController->missingAction('allCategory')
#1 C:\xampp\htdocs\yii\framework\web\CWebApplication.php(282): CController->run('allCategory')
#2 C:\xampp\htdocs\yii\framework\web\CWebApplication.php(141): CWebApplication->runController('category/allCat...')
#3 C:\xampp\htdocs\yii\framework\base\CApplication.php(169): CWebApplication->processRequest()
#4 C:\xampp\htdocs\newsenkar\index.php(11): CApplication->run()
#5 {main}
REQUEST_URI=/newsenkar/viewallcategory
HTTP_REFERER=http://localhost/newsenkar/management
---
2013/03/11 13:15:48 [error] [exception.CHttpException.404] exception 'CHttpException' with message 'Unable to resolve the request "css/jquery.mobile-1.3.0.min.css".' in C:\xampp\htdocs\yii\framework\web\CWebApplication.php:286
Stack trace:
#0 C:\xampp\htdocs\yii\framework\web\CWebApplication.php(141): CWebApplication->runController('css/jquery.mobi...')
#1 C:\xampp\htdocs\yii\framework\base\CApplication.php(169): CWebApplication->processRequest()
#2 C:\xampp\htdocs\newsenkar\index.php(11): CApplication->run()
#3 {main}
REQUEST_URI=/newsenkar/css/jquery.mobile-1.3.0.min.css
HTTP_REFERER=http://localhost/newsenkar/viewallcategory
---
2013/03/11 13:15:48 [error] [exception.CHttpException.404] exception 'CHttpException' with message 'Unable to resolve the request "js/jquery.mobile-1.3.0.min.js".' in C:\xampp\htdocs\yii\framework\web\CWebApplication.php:286
Stack trace:
#0 C:\xampp\htdocs\yii\framework\web\CWebApplication.php(141): CWebApplication->runController('js/jquery.mobil...')
#1 C:\xampp\htdocs\yii\framework\base\CApplication.php(169): CWebApplication->processRequest()
#2 C:\xampp\htdocs\newsenkar\index.php(11): CApplication->run()
#3 {main}
REQUEST_URI=/newsenkar/js/jquery.mobile-1.3.0.min.js
HTTP_REFERER=http://localhost/newsenkar/viewallcategory
---
2013/03/11 13:15:48 [error] [exception.CHttpException.404] exception 'CHttpException' with message 'Unable to resolve the request "js/jquery.mobile-1.3.0.min.js".' in C:\xampp\htdocs\yii\framework\web\CWebApplication.php:286
Stack trace:
#0 C:\xampp\htdocs\yii\framework\web\CWebApplication.php(141): CWebApplication->runController('js/jquery.mobil...')
#1 C:\xampp\htdocs\yii\framework\base\CApplication.php(169): CWebApplication->processRequest()
#2 C:\xampp\htdocs\newsenkar\index.php(11): CApplication->run()
#3 {main}
REQUEST_URI=/newsenkar/js/jquery.mobile-1.3.0.min.js
HTTP_REFERER=http://localhost/newsenkar/viewallcategory
---
2013/03/11 13:22:04 [error] [php] Undefined index: name (C:\xampp\htdocs\newsenkar\protected\controllers\CategoryController.php:25)
Stack trace:
#0 C:\xampp\htdocs\yii\framework\web\CController.php(286): CategoryController->runAction()
#1 C:\xampp\htdocs\yii\framework\web\CController.php(265): CategoryController->runActionWithFilters()
#2 C:\xampp\htdocs\yii\framework\web\CWebApplication.php(282): CategoryController->run()
#3 C:\xampp\htdocs\yii\framework\web\CWebApplication.php(141): CWebApplication->runController()
#4 C:\xampp\htdocs\yii\framework\base\CApplication.php(169): CWebApplication->processRequest()
#5 C:\xampp\htdocs\newsenkar\index.php(11): CWebApplication->run()
REQUEST_URI=/newsenkar/insertcategory
2013/03/11 13:24:41 [error] [exception.CHttpException.404] exception 'CHttpException' with message 'Unable to resolve the request "css/jquery.mobile-1.3.0.min.css".' in C:\xampp\htdocs\yii\framework\web\CWebApplication.php:286
Stack trace:
#0 C:\xampp\htdocs\yii\framework\web\CWebApplication.php(141): CWebApplication->runController('css/jquery.mobi...')
#1 C:\xampp\htdocs\yii\framework\base\CApplication.php(169): CWebApplication->processRequest()
#2 C:\xampp\htdocs\newsenkar\index.php(11): CApplication->run()
#3 {main}
REQUEST_URI=/newsenkar/css/jquery.mobile-1.3.0.min.css
HTTP_REFERER=http://localhost/newsenkar/viewallcategory
---
2013/03/11 13:24:41 [error] [exception.CHttpException.404] exception 'CHttpException' with message 'Unable to resolve the request "js/jquery.mobile-1.3.0.min.js".' in C:\xampp\htdocs\yii\framework\web\CWebApplication.php:286
Stack trace:
#0 C:\xampp\htdocs\yii\framework\web\CWebApplication.php(141): CWebApplication->runController('js/jquery.mobil...')
#1 C:\xampp\htdocs\yii\framework\base\CApplication.php(169): CWebApplication->processRequest()
#2 C:\xampp\htdocs\newsenkar\index.php(11): CApplication->run()
#3 {main}
REQUEST_URI=/newsenkar/js/jquery.mobile-1.3.0.min.js
HTTP_REFERER=http://localhost/newsenkar/viewallcategory
---
2013/03/11 13:24:41 [error] [exception.CHttpException.404] exception 'CHttpException' with message 'Unable to resolve the request "js/jquery.mobile-1.3.0.min.js".' in C:\xampp\htdocs\yii\framework\web\CWebApplication.php:286
Stack trace:
#0 C:\xampp\htdocs\yii\framework\web\CWebApplication.php(141): CWebApplication->runController('js/jquery.mobil...')
#1 C:\xampp\htdocs\yii\framework\base\CApplication.php(169): CWebApplication->processRequest()
#2 C:\xampp\htdocs\newsenkar\index.php(11): CApplication->run()
#3 {main}
REQUEST_URI=/newsenkar/js/jquery.mobile-1.3.0.min.js
HTTP_REFERER=http://localhost/newsenkar/viewallcategory
---
2013/03/11 13:25:11 [error] [exception.CHttpException.404] exception 'CHttpException' with message 'Unable to resolve the request "viewUpdate".' in C:\xampp\htdocs\yii\framework\web\CWebApplication.php:286
Stack trace:
#0 C:\xampp\htdocs\yii\framework\web\CWebApplication.php(141): CWebApplication->runController('viewUpdate')
#1 C:\xampp\htdocs\yii\framework\base\CApplication.php(169): CWebApplication->processRequest()
#2 C:\xampp\htdocs\newsenkar\index.php(11): CApplication->run()
#3 {main}
REQUEST_URI=/newsenkar/viewUpdate?id=3
HTTP_REFERER=http://localhost/newsenkar/viewallcategory
---
2013/03/11 14:03:00 [error] [exception.CHttpException.404] exception 'CHttpException' with message 'Unable to resolve the request "css/jquery.mobile-1.3.0.min.css".' in C:\xampp\htdocs\yii\framework\web\CWebApplication.php:286
Stack trace:
#0 C:\xampp\htdocs\yii\framework\web\CWebApplication.php(141): CWebApplication->runController('css/jquery.mobi...')
#1 C:\xampp\htdocs\yii\framework\base\CApplication.php(169): CWebApplication->processRequest()
#2 C:\xampp\htdocs\newsenkar\index.php(11): CApplication->run()
#3 {main}
REQUEST_URI=/newsenkar/css/jquery.mobile-1.3.0.min.css
HTTP_REFERER=http://localhost/newsenkar/viewupdatecategory?id=3
---
2013/03/11 14:03:00 [error] [exception.CHttpException.404] exception 'CHttpException' with message 'Unable to resolve the request "js/jquery.mobile-1.3.0.min.js".' in C:\xampp\htdocs\yii\framework\web\CWebApplication.php:286
Stack trace:
#0 C:\xampp\htdocs\yii\framework\web\CWebApplication.php(141): CWebApplication->runController('js/jquery.mobil...')
#1 C:\xampp\htdocs\yii\framework\base\CApplication.php(169): CWebApplication->processRequest()
#2 C:\xampp\htdocs\newsenkar\index.php(11): CApplication->run()
#3 {main}
REQUEST_URI=/newsenkar/js/jquery.mobile-1.3.0.min.js
HTTP_REFERER=http://localhost/newsenkar/viewupdatecategory?id=3
---
2013/03/11 14:03:00 [error] [exception.CHttpException.404] exception 'CHttpException' with message 'Unable to resolve the request "js/jquery.mobile-1.3.0.min.js".' in C:\xampp\htdocs\yii\framework\web\CWebApplication.php:286
Stack trace:
#0 C:\xampp\htdocs\yii\framework\web\CWebApplication.php(141): CWebApplication->runController('js/jquery.mobil...')
#1 C:\xampp\htdocs\yii\framework\base\CApplication.php(169): CWebApplication->processRequest()
#2 C:\xampp\htdocs\newsenkar\index.php(11): CApplication->run()
#3 {main}
REQUEST_URI=/newsenkar/js/jquery.mobile-1.3.0.min.js
HTTP_REFERER=http://localhost/newsenkar/viewupdatecategory?id=3
---
2013/03/11 14:07:46 [error] [exception.CHttpException.404] exception 'CHttpException' with message 'Unable to resolve the request "css/jquery.mobile-1.3.0.min.css".' in C:\xampp\htdocs\yii\framework\web\CWebApplication.php:286
Stack trace:
#0 C:\xampp\htdocs\yii\framework\web\CWebApplication.php(141): CWebApplication->runController('css/jquery.mobi...')
#1 C:\xampp\htdocs\yii\framework\base\CApplication.php(169): CWebApplication->processRequest()
#2 C:\xampp\htdocs\newsenkar\index.php(11): CApplication->run()
#3 {main}
REQUEST_URI=/newsenkar/css/jquery.mobile-1.3.0.min.css
HTTP_REFERER=http://localhost/newsenkar/viewupdatecategory?id=3
---
2013/03/11 14:07:46 [error] [exception.CHttpException.404] exception 'CHttpException' with message 'Unable to resolve the request "js/jquery.mobile-1.3.0.min.js".' in C:\xampp\htdocs\yii\framework\web\CWebApplication.php:286
Stack trace:
#0 C:\xampp\htdocs\yii\framework\web\CWebApplication.php(141): CWebApplication->runController('js/jquery.mobil...')
#1 C:\xampp\htdocs\yii\framework\base\CApplication.php(169): CWebApplication->processRequest()
#2 C:\xampp\htdocs\newsenkar\index.php(11): CApplication->run()
#3 {main}
REQUEST_URI=/newsenkar/js/jquery.mobile-1.3.0.min.js
HTTP_REFERER=http://localhost/newsenkar/viewupdatecategory?id=3
---
2013/03/11 14:07:46 [error] [exception.CHttpException.404] exception 'CHttpException' with message 'Unable to resolve the request "js/jquery.mobile-1.3.0.min.js".' in C:\xampp\htdocs\yii\framework\web\CWebApplication.php:286
Stack trace:
#0 C:\xampp\htdocs\yii\framework\web\CWebApplication.php(141): CWebApplication->runController('js/jquery.mobil...')
#1 C:\xampp\htdocs\yii\framework\base\CApplication.php(169): CWebApplication->processRequest()
#2 C:\xampp\htdocs\newsenkar\index.php(11): CApplication->run()
#3 {main}
REQUEST_URI=/newsenkar/js/jquery.mobile-1.3.0.min.js
HTTP_REFERER=http://localhost/newsenkar/viewupdatecategory?id=3
---
2013/03/11 14:07:47 [error] [exception.CHttpException.404] exception 'CHttpException' with message 'Unable to resolve the request "css/jquery.mobile-1.3.0.min.css".' in C:\xampp\htdocs\yii\framework\web\CWebApplication.php:286
Stack trace:
#0 C:\xampp\htdocs\yii\framework\web\CWebApplication.php(141): CWebApplication->runController('css/jquery.mobi...')
#1 C:\xampp\htdocs\yii\framework\base\CApplication.php(169): CWebApplication->processRequest()
#2 C:\xampp\htdocs\newsenkar\index.php(11): CApplication->run()
#3 {main}
REQUEST_URI=/newsenkar/css/jquery.mobile-1.3.0.min.css
HTTP_REFERER=http://localhost/newsenkar/viewupdatecategory?id=3
---
2013/03/11 14:07:47 [error] [exception.CHttpException.404] exception 'CHttpException' with message 'Unable to resolve the request "js/jquery.mobile-1.3.0.min.js".' in C:\xampp\htdocs\yii\framework\web\CWebApplication.php:286
Stack trace:
#0 C:\xampp\htdocs\yii\framework\web\CWebApplication.php(141): CWebApplication->runController('js/jquery.mobil...')
#1 C:\xampp\htdocs\yii\framework\base\CApplication.php(169): CWebApplication->processRequest()
#2 C:\xampp\htdocs\newsenkar\index.php(11): CApplication->run()
#3 {main}
REQUEST_URI=/newsenkar/js/jquery.mobile-1.3.0.min.js
HTTP_REFERER=http://localhost/newsenkar/viewupdatecategory?id=3
---
2013/03/11 14:07:47 [error] [exception.CHttpException.404] exception 'CHttpException' with message 'Unable to resolve the request "js/jquery.mobile-1.3.0.min.js".' in C:\xampp\htdocs\yii\framework\web\CWebApplication.php:286
Stack trace:
#0 C:\xampp\htdocs\yii\framework\web\CWebApplication.php(141): CWebApplication->runController('js/jquery.mobil...')
#1 C:\xampp\htdocs\yii\framework\base\CApplication.php(169): CWebApplication->processRequest()
#2 C:\xampp\htdocs\newsenkar\index.php(11): CApplication->run()
#3 {main}
REQUEST_URI=/newsenkar/js/jquery.mobile-1.3.0.min.js
HTTP_REFERER=http://localhost/newsenkar/viewupdatecategory?id=3
---
2013/03/11 14:08:04 [error] [exception.CHttpException.404] exception 'CHttpException' with message 'Unable to resolve the request "css/jquery.mobile-1.3.0.min.css".' in C:\xampp\htdocs\yii\framework\web\CWebApplication.php:286
Stack trace:
#0 C:\xampp\htdocs\yii\framework\web\CWebApplication.php(141): CWebApplication->runController('css/jquery.mobi...')
#1 C:\xampp\htdocs\yii\framework\base\CApplication.php(169): CWebApplication->processRequest()
#2 C:\xampp\htdocs\newsenkar\index.php(11): CApplication->run()
#3 {main}
REQUEST_URI=/newsenkar/css/jquery.mobile-1.3.0.min.css
HTTP_REFERER=http://localhost/newsenkar/viewupdatecategory?id=3
---
2013/03/11 14:08:04 [error] [exception.CHttpException.404] exception 'CHttpException' with message 'Unable to resolve the request "js/jquery.mobile-1.3.0.min.js".' in C:\xampp\htdocs\yii\framework\web\CWebApplication.php:286
Stack trace:
#0 C:\xampp\htdocs\yii\framework\web\CWebApplication.php(141): CWebApplication->runController('js/jquery.mobil...')
#1 C:\xampp\htdocs\yii\framework\base\CApplication.php(169): CWebApplication->processRequest()
#2 C:\xampp\htdocs\newsenkar\index.php(11): CApplication->run()
#3 {main}
REQUEST_URI=/newsenkar/js/jquery.mobile-1.3.0.min.js
HTTP_REFERER=http://localhost/newsenkar/viewupdatecategory?id=3
---
2013/03/11 14:08:04 [error] [exception.CHttpException.404] exception 'CHttpException' with message 'Unable to resolve the request "js/jquery.mobile-1.3.0.min.js".' in C:\xampp\htdocs\yii\framework\web\CWebApplication.php:286
Stack trace:
#0 C:\xampp\htdocs\yii\framework\web\CWebApplication.php(141): CWebApplication->runController('js/jquery.mobil...')
#1 C:\xampp\htdocs\yii\framework\base\CApplication.php(169): CWebApplication->processRequest()
#2 C:\xampp\htdocs\newsenkar\index.php(11): CApplication->run()
#3 {main}
REQUEST_URI=/newsenkar/js/jquery.mobile-1.3.0.min.js
HTTP_REFERER=http://localhost/newsenkar/viewupdatecategory?id=3
---
2013/03/11 14:09:14 [error] [exception.CHttpException.404] exception 'CHttpException' with message 'Unable to resolve the request "css/jquery.mobile-1.3.0.min.css".' in C:\xampp\htdocs\yii\framework\web\CWebApplication.php:286
Stack trace:
#0 C:\xampp\htdocs\yii\framework\web\CWebApplication.php(141): CWebApplication->runController('css/jquery.mobi...')
#1 C:\xampp\htdocs\yii\framework\base\CApplication.php(169): CWebApplication->processRequest()
#2 C:\xampp\htdocs\newsenkar\index.php(11): CApplication->run()
#3 {main}
REQUEST_URI=/newsenkar/css/jquery.mobile-1.3.0.min.css
HTTP_REFERER=http://localhost/newsenkar/viewupdatecategory?id=3
---
2013/03/11 14:09:14 [error] [exception.CHttpException.404] exception 'CHttpException' with message 'Unable to resolve the request "js/jquery.mobile-1.3.0.min.js".' in C:\xampp\htdocs\yii\framework\web\CWebApplication.php:286
Stack trace:
#0 C:\xampp\htdocs\yii\framework\web\CWebApplication.php(141): CWebApplication->runController('js/jquery.mobil...')
#1 C:\xampp\htdocs\yii\framework\base\CApplication.php(169): CWebApplication->processRequest()
#2 C:\xampp\htdocs\newsenkar\index.php(11): CApplication->run()
#3 {main}
REQUEST_URI=/newsenkar/js/jquery.mobile-1.3.0.min.js
HTTP_REFERER=http://localhost/newsenkar/viewupdatecategory?id=3
---
2013/03/11 14:09:14 [error] [exception.CHttpException.404] exception 'CHttpException' with message 'Unable to resolve the request "js/jquery.mobile-1.3.0.min.js".' in C:\xampp\htdocs\yii\framework\web\CWebApplication.php:286
Stack trace:
#0 C:\xampp\htdocs\yii\framework\web\CWebApplication.php(141): CWebApplication->runController('js/jquery.mobil...')
#1 C:\xampp\htdocs\yii\framework\base\CApplication.php(169): CWebApplication->processRequest()
#2 C:\xampp\htdocs\newsenkar\index.php(11): CApplication->run()
#3 {main}
REQUEST_URI=/newsenkar/js/jquery.mobile-1.3.0.min.js
HTTP_REFERER=http://localhost/newsenkar/viewupdatecategory?id=3
---
2013/03/11 14:10:41 [error] [exception.CHttpException.404] exception 'CHttpException' with message 'Unable to resolve the request "css/jquery.mobile-1.3.0.min.css".' in C:\xampp\htdocs\yii\framework\web\CWebApplication.php:286
Stack trace:
#0 C:\xampp\htdocs\yii\framework\web\CWebApplication.php(141): CWebApplication->runController('css/jquery.mobi...')
#1 C:\xampp\htdocs\yii\framework\base\CApplication.php(169): CWebApplication->processRequest()
#2 C:\xampp\htdocs\newsenkar\index.php(11): CApplication->run()
#3 {main}
REQUEST_URI=/newsenkar/css/jquery.mobile-1.3.0.min.css
HTTP_REFERER=http://localhost/newsenkar/viewupdatecategory?id=3
---
2013/03/11 14:10:41 [error] [exception.CHttpException.404] exception 'CHttpException' with message 'Unable to resolve the request "js/jquery.mobile-1.3.0.min.js".' in C:\xampp\htdocs\yii\framework\web\CWebApplication.php:286
Stack trace:
#0 C:\xampp\htdocs\yii\framework\web\CWebApplication.php(141): CWebApplication->runController('js/jquery.mobil...')
#1 C:\xampp\htdocs\yii\framework\base\CApplication.php(169): CWebApplication->processRequest()
#2 C:\xampp\htdocs\newsenkar\index.php(11): CApplication->run()
#3 {main}
REQUEST_URI=/newsenkar/js/jquery.mobile-1.3.0.min.js
HTTP_REFERER=http://localhost/newsenkar/viewupdatecategory?id=3
---
2013/03/11 14:10:41 [error] [exception.CHttpException.404] exception 'CHttpException' with message 'Unable to resolve the request "js/jquery.mobile-1.3.0.min.js".' in C:\xampp\htdocs\yii\framework\web\CWebApplication.php:286
Stack trace:
#0 C:\xampp\htdocs\yii\framework\web\CWebApplication.php(141): CWebApplication->runController('js/jquery.mobil...')
#1 C:\xampp\htdocs\yii\framework\base\CApplication.php(169): CWebApplication->processRequest()
#2 C:\xampp\htdocs\newsenkar\index.php(11): CApplication->run()
#3 {main}
REQUEST_URI=/newsenkar/js/jquery.mobile-1.3.0.min.js
HTTP_REFERER=http://localhost/newsenkar/viewupdatecategory?id=3
---
2013/03/11 14:22:32 [error] [exception.CHttpException.404] exception 'CHttpException' with message 'Unable to resolve the request "css/jquery.mobile-1.3.0.min.css".' in C:\xampp\htdocs\yii\framework\web\CWebApplication.php:286
Stack trace:
#0 C:\xampp\htdocs\yii\framework\web\CWebApplication.php(141): CWebApplication->runController('css/jquery.mobi...')
#1 C:\xampp\htdocs\yii\framework\base\CApplication.php(169): CWebApplication->processRequest()
#2 C:\xampp\htdocs\newsenkar\index.php(11): CApplication->run()
#3 {main}
REQUEST_URI=/newsenkar/css/jquery.mobile-1.3.0.min.css
HTTP_REFERER=http://localhost/newsenkar/viewupdatecategory?id=undefined
---
2013/03/11 14:22:32 [error] [exception.CHttpException.404] exception 'CHttpException' with message 'Unable to resolve the request "js/jquery.mobile-1.3.0.min.js".' in C:\xampp\htdocs\yii\framework\web\CWebApplication.php:286
Stack trace:
#0 C:\xampp\htdocs\yii\framework\web\CWebApplication.php(141): CWebApplication->runController('js/jquery.mobil...')
#1 C:\xampp\htdocs\yii\framework\base\CApplication.php(169): CWebApplication->processRequest()
#2 C:\xampp\htdocs\newsenkar\index.php(11): CApplication->run()
#3 {main}
REQUEST_URI=/newsenkar/js/jquery.mobile-1.3.0.min.js
HTTP_REFERER=http://localhost/newsenkar/viewupdatecategory?id=undefined
---
2013/03/11 14:24:31 [error] [exception.CHttpException.404] exception 'CHttpException' with message 'Unable to resolve the request "css/jquery.mobile-1.3.0.min.css".' in C:\xampp\htdocs\yii\framework\web\CWebApplication.php:286
Stack trace:
#0 C:\xampp\htdocs\yii\framework\web\CWebApplication.php(141): CWebApplication->runController('css/jquery.mobi...')
#1 C:\xampp\htdocs\yii\framework\base\CApplication.php(169): CWebApplication->processRequest()
#2 C:\xampp\htdocs\newsenkar\index.php(11): CApplication->run()
#3 {main}
REQUEST_URI=/newsenkar/css/jquery.mobile-1.3.0.min.css
HTTP_REFERER=http://localhost/newsenkar/viewupdatecategory?id=undefined
---
2013/03/11 14:24:31 [error] [exception.CHttpException.404] exception 'CHttpException' with message 'Unable to resolve the request "js/jquery.mobile-1.3.0.min.js".' in C:\xampp\htdocs\yii\framework\web\CWebApplication.php:286
Stack trace:
#0 C:\xampp\htdocs\yii\framework\web\CWebApplication.php(141): CWebApplication->runController('js/jquery.mobil...')
#1 C:\xampp\htdocs\yii\framework\base\CApplication.php(169): CWebApplication->processRequest()
#2 C:\xampp\htdocs\newsenkar\index.php(11): CApplication->run()
#3 {main}
REQUEST_URI=/newsenkar/js/jquery.mobile-1.3.0.min.js
HTTP_REFERER=http://localhost/newsenkar/viewupdatecategory?id=undefined
---
2013/03/11 14:24:34 [error] [exception.CHttpException.404] exception 'CHttpException' with message 'Unable to resolve the request "css/jquery.mobile-1.3.0.min.css".' in C:\xampp\htdocs\yii\framework\web\CWebApplication.php:286
Stack trace:
#0 C:\xampp\htdocs\yii\framework\web\CWebApplication.php(141): CWebApplication->runController('css/jquery.mobi...')
#1 C:\xampp\htdocs\yii\framework\base\CApplication.php(169): CWebApplication->processRequest()
#2 C:\xampp\htdocs\newsenkar\index.php(11): CApplication->run()
#3 {main}
REQUEST_URI=/newsenkar/css/jquery.mobile-1.3.0.min.css
HTTP_REFERER=http://localhost/newsenkar/viewupdatecategory?id=undefined
---
2013/03/11 14:24:34 [error] [exception.CHttpException.404] exception 'CHttpException' with message 'Unable to resolve the request "js/jquery.mobile-1.3.0.min.js".' in C:\xampp\htdocs\yii\framework\web\CWebApplication.php:286
Stack trace:
#0 C:\xampp\htdocs\yii\framework\web\CWebApplication.php(141): CWebApplication->runController('js/jquery.mobil...')
#1 C:\xampp\htdocs\yii\framework\base\CApplication.php(169): CWebApplication->processRequest()
#2 C:\xampp\htdocs\newsenkar\index.php(11): CApplication->run()
#3 {main}
REQUEST_URI=/newsenkar/js/jquery.mobile-1.3.0.min.js
HTTP_REFERER=http://localhost/newsenkar/viewupdatecategory?id=undefined
---
2013/03/11 14:24:53 [error] [exception.CHttpException.404] exception 'CHttpException' with message 'Unable to resolve the request "css/jquery.mobile-1.3.0.min.css".' in C:\xampp\htdocs\yii\framework\web\CWebApplication.php:286
Stack trace:
#0 C:\xampp\htdocs\yii\framework\web\CWebApplication.php(141): CWebApplication->runController('css/jquery.mobi...')
#1 C:\xampp\htdocs\yii\framework\base\CApplication.php(169): CWebApplication->processRequest()
#2 C:\xampp\htdocs\newsenkar\index.php(11): CApplication->run()
#3 {main}
REQUEST_URI=/newsenkar/css/jquery.mobile-1.3.0.min.css
HTTP_REFERER=http://localhost/newsenkar/viewupdatecategory?id=3
---
2013/03/11 14:24:53 [error] [exception.CHttpException.404] exception 'CHttpException' with message 'Unable to resolve the request "js/jquery.mobile-1.3.0.min.js".' in C:\xampp\htdocs\yii\framework\web\CWebApplication.php:286
Stack trace:
#0 C:\xampp\htdocs\yii\framework\web\CWebApplication.php(141): CWebApplication->runController('js/jquery.mobil...')
#1 C:\xampp\htdocs\yii\framework\base\CApplication.php(169): CWebApplication->processRequest()
#2 C:\xampp\htdocs\newsenkar\index.php(11): CApplication->run()
#3 {main}
REQUEST_URI=/newsenkar/js/jquery.mobile-1.3.0.min.js
HTTP_REFERER=http://localhost/newsenkar/viewupdatecategory?id=3
---
2013/03/11 14:24:53 [error] [exception.CHttpException.404] exception 'CHttpException' with message 'Unable to resolve the request "js/jquery.mobile-1.3.0.min.js".' in C:\xampp\htdocs\yii\framework\web\CWebApplication.php:286
Stack trace:
#0 C:\xampp\htdocs\yii\framework\web\CWebApplication.php(141): CWebApplication->runController('js/jquery.mobil...')
#1 C:\xampp\htdocs\yii\framework\base\CApplication.php(169): CWebApplication->processRequest()
#2 C:\xampp\htdocs\newsenkar\index.php(11): CApplication->run()
#3 {main}
REQUEST_URI=/newsenkar/js/jquery.mobile-1.3.0.min.js
HTTP_REFERER=http://localhost/newsenkar/viewupdatecategory?id=3
---
2013/03/11 14:33:40 [error] [exception.CHttpException.404] exception 'CHttpException' with message 'Unable to resolve the request "updatecategory".' in C:\xampp\htdocs\yii\framework\web\CWebApplication.php:286
Stack trace:
#0 C:\xampp\htdocs\yii\framework\web\CWebApplication.php(141): CWebApplication->runController('updatecategory')
#1 C:\xampp\htdocs\yii\framework\base\CApplication.php(169): CWebApplication->processRequest()
#2 C:\xampp\htdocs\newsenkar\index.php(11): CApplication->run()
#3 {main}
REQUEST_URI=/newsenkar/updatecategory
HTTP_REFERER=http://localhost/newsenkar/viewupdatecategory?id=3
---
2013/03/11 14:37:30 [error] [php] Undefined variable: user (C:\xampp\htdocs\newsenkar\protected\controllers\CategoryController.php:31)
Stack trace:
#0 C:\xampp\htdocs\yii\framework\web\CController.php(286): CategoryController->runAction()
#1 C:\xampp\htdocs\yii\framework\web\CController.php(265): CategoryController->runActionWithFilters()
#2 C:\xampp\htdocs\yii\framework\web\CWebApplication.php(282): CategoryController->run()
#3 C:\xampp\htdocs\yii\framework\web\CWebApplication.php(141): CWebApplication->runController()
#4 C:\xampp\htdocs\yii\framework\base\CApplication.php(169): CWebApplication->processRequest()
#5 C:\xampp\htdocs\newsenkar\index.php(11): CWebApplication->run()
REQUEST_URI=/newsenkar/updatecategory
2013/03/11 21:08:27 [error] [exception.CHttpException.400] exception 'CHttpException' with message 'Your request is invalid.' in C:\xampp\htdocs\yii\framework\web\CController.php:336
Stack trace:
#0 C:\xampp\htdocs\yii\framework\web\CController.php(309): CController->invalidActionParams(Object(CInlineAction))
#1 C:\xampp\htdocs\yii\framework\web\CController.php(286): CController->runAction(Object(CInlineAction))
#2 C:\xampp\htdocs\yii\framework\web\CController.php(265): CController->runActionWithFilters(Object(CInlineAction), Array)
#3 C:\xampp\htdocs\yii\framework\web\CWebApplication.php(282): CController->run('delete')
#4 C:\xampp\htdocs\yii\framework\web\CWebApplication.php(141): CWebApplication->runController('category/delete')
#5 C:\xampp\htdocs\yii\framework\base\CApplication.php(169): CWebApplication->processRequest()
#6 C:\xampp\htdocs\newsenkar\index.php(11): CApplication->run()
#7 {main}
REQUEST_URI=/newsenkar/deletecategory
---
2013/03/11 22:12:57 [error] [exception.CHttpException.404] exception 'CHttpException' with message 'Unable to resolve the request "insertsubcategory".' in C:\xampp\htdocs\yii\framework\web\CWebApplication.php:286
Stack trace:
#0 C:\xampp\htdocs\yii\framework\web\CWebApplication.php(141): CWebApplication->runController('insertsubcatego...')
#1 C:\xampp\htdocs\yii\framework\base\CApplication.php(169): CWebApplication->processRequest()
#2 C:\xampp\htdocs\newsenkar\index.php(11): CApplication->run()
#3 {main}
REQUEST_URI=/newsenkar/insertsubcategory
HTTP_REFERER=http://localhost/newsenkar/viewinsertsubcategory?id=3
---
2013/03/11 22:26:44 [error] [php] Missing argument 1 for SubCategory::setIdCategory(), called in C:\xampp\htdocs\newsenkar\protected\controllers\SubCategoryController.php on line 57 and defined (C:\xampp\htdocs\newsenkar\protected\models\SubCategory.php:36)
Stack trace:
#0 C:\xampp\htdocs\yii\framework\web\CController.php(308): CInlineAction->runWithParams()
#1 C:\xampp\htdocs\yii\framework\web\CController.php(286): SubCategoryController->runAction()
#2 C:\xampp\htdocs\yii\framework\web\CController.php(265): SubCategoryController->runActionWithFilters()
#3 C:\xampp\htdocs\yii\framework\web\CWebApplication.php(282): SubCategoryController->run()
#4 C:\xampp\htdocs\yii\framework\web\CWebApplication.php(141): CWebApplication->runController()
#5 C:\xampp\htdocs\yii\framework\base\CApplication.php(169): CWebApplication->processRequest()
#6 C:\xampp\htdocs\newsenkar\index.php(11): CWebApplication->run()
REQUEST_URI=/newsenkar/insertsubcategory
2013/03/11 22:27:26 [error] [exception.CException] exception 'CException' with message 'SubCategoryController cannot find the requested view "allCategory".' in C:\xampp\htdocs\yii\framework\web\CController.php:878
Stack trace:
#0 C:\xampp\htdocs\yii\framework\web\CController.php(782): CController->renderPartial('allCategory', Array, true)
#1 C:\xampp\htdocs\newsenkar\protected\controllers\SubCategoryController.php(88): CController->render('allCategory', Array)
#2 C:\xampp\htdocs\newsenkar\protected\controllers\SubCategoryController.php(59): SubCategoryController->actionViewAllSubCategory()
#3 C:\xampp\htdocs\yii\framework\web\actions\CInlineAction.php(49): SubCategoryController->actionInsert()
#4 C:\xampp\htdocs\yii\framework\web\CController.php(308): CInlineAction->runWithParams(Array)
#5 C:\xampp\htdocs\yii\framework\web\CController.php(286): CController->runAction(Object(CInlineAction))
#6 C:\xampp\htdocs\yii\framework\web\CController.php(265): CController->runActionWithFilters(Object(CInlineAction), Array)
#7 C:\xampp\htdocs\yii\framework\web\CWebApplication.php(282): CController->run('insert')
#8 C:\xampp\htdocs\yii\framework\web\CWebApplication.php(141): CWebApplication->runController('subcategory/ins...')
#9 C:\xampp\htdocs\yii\framework\base\CApplication.php(169): CWebApplication->processRequest()
#10 C:\xampp\htdocs\newsenkar\index.php(11): CApplication->run()
#11 {main}
REQUEST_URI=/newsenkar/insertsubcategory
HTTP_REFERER=http://localhost/newsenkar/viewinsertsubcategory?id=3
---
2013/03/13 12:20:30 [error] [php] Undefined variable: subcategory (C:\xampp\htdocs\newsenkar\protected\views\category\view.php:54)
Stack trace:
#0 C:\xampp\htdocs\yii\framework\web\CController.php(869): CategoryController->renderFile()
#1 C:\xampp\htdocs\yii\framework\web\CController.php(782): CategoryController->renderPartial()
#2 C:\xampp\htdocs\newsenkar\protected\controllers\CategoryController.php(40): CategoryController->render()
#3 C:\xampp\htdocs\yii\framework\web\actions\CInlineAction.php(49): CategoryController->actionUpdate()
#4 C:\xampp\htdocs\yii\framework\web\CController.php(308): CInlineAction->runWithParams()
#5 C:\xampp\htdocs\yii\framework\web\CController.php(286): CategoryController->runAction()
#6 C:\xampp\htdocs\yii\framework\web\CController.php(265): CategoryController->runActionWithFilters()
#7 C:\xampp\htdocs\yii\framework\web\CWebApplication.php(282): CategoryController->run()
#8 C:\xampp\htdocs\yii\framework\web\CWebApplication.php(141): CWebApplication->runController()
#9 C:\xampp\htdocs\yii\framework\base\CApplication.php(169): CWebApplication->processRequest()
#10 C:\xampp\htdocs\newsenkar\index.php(11): CWebApplication->run()
REQUEST_URI=/newsenkar/updatecategory
2013/03/13 12:57:40 [error] [php] Undefined variable: category (C:\xampp\htdocs\newsenkar\protected\views\subcategory\view.php:44)
Stack trace:
#0 C:\xampp\htdocs\yii\framework\web\CController.php(869): SubCategoryController->renderFile()
#1 C:\xampp\htdocs\yii\framework\web\CController.php(782): SubCategoryController->renderPartial()
#2 C:\xampp\htdocs\newsenkar\protected\controllers\SubCategoryController.php(14): SubCategoryController->render()
#3 unknown(0): SubCategoryController->actionViewUpdate()
#4 C:\xampp\htdocs\yii\framework\web\actions\CAction.php(108): ReflectionMethod->invokeArgs()
#5 C:\xampp\htdocs\yii\framework\web\actions\CInlineAction.php(47): CInlineAction->runWithParamsInternal()
#6 C:\xampp\htdocs\yii\framework\web\CController.php(308): CInlineAction->runWithParams()
#7 C:\xampp\htdocs\yii\framework\web\CController.php(286): SubCategoryController->runAction()
#8 C:\xampp\htdocs\yii\framework\web\CController.php(265): SubCategoryController->runActionWithFilters()
#9 C:\xampp\htdocs\yii\framework\web\CWebApplication.php(282): SubCategoryController->run()
#10 C:\xampp\htdocs\yii\framework\web\CWebApplication.php(141): CWebApplication->runController()
#11 C:\xampp\htdocs\yii\framework\base\CApplication.php(169): CWebApplication->processRequest()
#12 C:\xampp\htdocs\newsenkar\index.php(11): CWebApplication->run()
REQUEST_URI=/newsenkar/viewupdatesubcategory?id=13&readonly=true
2013/03/13 12:59:00 [error] [php] Undefined variable: category (C:\xampp\htdocs\newsenkar\protected\views\subcategory\view.php:44)
Stack trace:
#0 C:\xampp\htdocs\yii\framework\web\CController.php(869): SubCategoryController->renderFile()
#1 C:\xampp\htdocs\yii\framework\web\CController.php(782): SubCategoryController->renderPartial()
#2 C:\xampp\htdocs\newsenkar\protected\controllers\SubCategoryController.php(14): SubCategoryController->render()
#3 unknown(0): SubCategoryController->actionViewUpdate()
#4 C:\xampp\htdocs\yii\framework\web\actions\CAction.php(108): ReflectionMethod->invokeArgs()
#5 C:\xampp\htdocs\yii\framework\web\actions\CInlineAction.php(47): CInlineAction->runWithParamsInternal()
#6 C:\xampp\htdocs\yii\framework\web\CController.php(308): CInlineAction->runWithParams()
#7 C:\xampp\htdocs\yii\framework\web\CController.php(286): SubCategoryController->runAction()
#8 C:\xampp\htdocs\yii\framework\web\CController.php(265): SubCategoryController->runActionWithFilters()
#9 C:\xampp\htdocs\yii\framework\web\CWebApplication.php(282): SubCategoryController->run()
#10 C:\xampp\htdocs\yii\framework\web\CWebApplication.php(141): CWebApplication->runController()
#11 C:\xampp\htdocs\yii\framework\base\CApplication.php(169): CWebApplication->processRequest()
#12 C:\xampp\htdocs\newsenkar\index.php(11): CWebApplication->run()
REQUEST_URI=/newsenkar/viewupdatesubcategory?id=13&readonly=true
2013/03/13 13:00:49 [error] [php] Undefined variable: category (C:\xampp\htdocs\newsenkar\protected\views\subcategory\view.php:44)
Stack trace:
#0 C:\xampp\htdocs\yii\framework\web\CController.php(869): SubCategoryController->renderFile()
#1 C:\xampp\htdocs\yii\framework\web\CController.php(782): SubCategoryController->renderPartial()
#2 C:\xampp\htdocs\newsenkar\protected\controllers\SubCategoryController.php(14): SubCategoryController->render()
#3 unknown(0): SubCategoryController->actionViewUpdate()
#4 C:\xampp\htdocs\yii\framework\web\actions\CAction.php(108): ReflectionMethod->invokeArgs()
#5 C:\xampp\htdocs\yii\framework\web\actions\CInlineAction.php(47): CInlineAction->runWithParamsInternal()
#6 C:\xampp\htdocs\yii\framework\web\CController.php(308): CInlineAction->runWithParams()
#7 C:\xampp\htdocs\yii\framework\web\CController.php(286): SubCategoryController->runAction()
#8 C:\xampp\htdocs\yii\framework\web\CController.php(265): SubCategoryController->runActionWithFilters()
#9 C:\xampp\htdocs\yii\framework\web\CWebApplication.php(282): SubCategoryController->run()
#10 C:\xampp\htdocs\yii\framework\web\CWebApplication.php(141): CWebApplication->runController()
#11 C:\xampp\htdocs\yii\framework\base\CApplication.php(169): CWebApplication->processRequest()
#12 C:\xampp\htdocs\newsenkar\index.php(11): CWebApplication->run()
REQUEST_URI=/newsenkar/viewupdatesubcategory?id=13&readonly=true
2013/03/13 13:11:15 [error] [exception.CHttpException.404] exception 'CHttpException' with message 'Unable to resolve the request "updatesubcategory".' in C:\xampp\htdocs\yii\framework\web\CWebApplication.php:286
Stack trace:
#0 C:\xampp\htdocs\yii\framework\web\CWebApplication.php(141): CWebApplication->runController('updatesubcatego...')
#1 C:\xampp\htdocs\yii\framework\base\CApplication.php(169): CWebApplication->processRequest()
#2 C:\xampp\htdocs\newsenkar\index.php(11): CApplication->run()
#3 {main}
REQUEST_URI=/newsenkar/updatesubcategory
HTTP_REFERER=http://localhost/newsenkar/viewupdatesubcategory?id=13
---
2013/03/13 13:11:34 [error] [php] Undefined variable: id (C:\xampp\htdocs\newsenkar\protected\controllers\SubCategoryController.php:43)
Stack trace:
#0 C:\xampp\htdocs\yii\framework\web\CController.php(286): SubCategoryController->runAction()
#1 C:\xampp\htdocs\yii\framework\web\CController.php(265): SubCategoryController->runActionWithFilters()
#2 C:\xampp\htdocs\yii\framework\web\CWebApplication.php(282): SubCategoryController->run()
#3 C:\xampp\htdocs\yii\framework\web\CWebApplication.php(141): CWebApplication->runController()
#4 C:\xampp\htdocs\yii\framework\base\CApplication.php(169): CWebApplication->processRequest()
#5 C:\xampp\htdocs\newsenkar\index.php(11): CWebApplication->run()
REQUEST_URI=/newsenkar/updatesubcategory
2013/03/13 13:22:04 [error] [php] Undefined index: idCategory (C:\xampp\htdocs\newsenkar\protected\controllers\SubCategoryController.php:43)
Stack trace:
#0 C:\xampp\htdocs\yii\framework\web\CController.php(286): SubCategoryController->runAction()
#1 C:\xampp\htdocs\yii\framework\web\CController.php(265): SubCategoryController->runActionWithFilters()
#2 C:\xampp\htdocs\yii\framework\web\CWebApplication.php(282): SubCategoryController->run()
#3 C:\xampp\htdocs\yii\framework\web\CWebApplication.php(141): CWebApplication->runController()
#4 C:\xampp\htdocs\yii\framework\base\CApplication.php(169): CWebApplication->processRequest()
#5 C:\xampp\htdocs\newsenkar\index.php(11): CWebApplication->run()
REQUEST_URI=/newsenkar/updatesubcategory
2013/03/13 14:01:49 [error] [exception.CHttpException.404] exception 'CHttpException' with message 'Unable to resolve the request "a".' in C:\xampp\htdocs\yii\framework\web\CWebApplication.php:286
Stack trace:
#0 C:\xampp\htdocs\yii\framework\web\CWebApplication.php(141): CWebApplication->runController('a')
#1 C:\xampp\htdocs\yii\framework\base\CApplication.php(169): CWebApplication->processRequest()
#2 C:\xampp\htdocs\newsenkar\index.php(11): CApplication->run()
#3 {main}
REQUEST_URI=/newsenkar/a
---
2013/03/13 23:35:53 [error] [exception.CException] exception 'CException' with message 'Property "CWebUser.premission" is not defined.' in C:\xampp\htdocs\yii\framework\base\CComponent.php:130
Stack trace:
#0 C:\xampp\htdocs\yii\framework\web\auth\CWebUser.php(140): CComponent->__get('premission')
#1 C:\xampp\htdocs\newsenkar\protected\controllers\MainController.php(87): CWebUser->__get('premission')
#2 C:\xampp\htdocs\yii\framework\web\actions\CInlineAction.php(49): MainController->actionInsert()
#3 C:\xampp\htdocs\yii\framework\web\CController.php(308): CInlineAction->runWithParams(Array)
#4 C:\xampp\htdocs\yii\framework\web\CController.php(286): CController->runAction(Object(CInlineAction))
#5 C:\xampp\htdocs\yii\framework\web\CController.php(265): CController->runActionWithFilters(Object(CInlineAction), Array)
#6 C:\xampp\htdocs\yii\framework\web\CWebApplication.php(282): CController->run('insert')
#7 C:\xampp\htdocs\yii\framework\web\CWebApplication.php(141): CWebApplication->runController('main/insert')
#8 C:\xampp\htdocs\yii\framework\base\CApplication.php(169): CWebApplication->processRequest()
#9 C:\xampp\htdocs\newsenkar\index.php(11): CApplication->run()
#10 {main}
REQUEST_URI=/newsenkar/insert
---
2013/03/13 23:38:24 [error] [exception.CException] exception 'CException' with message 'Property "CWebUser.premission" is not defined.' in C:\xampp\htdocs\yii\framework\base\CComponent.php:130
Stack trace:
#0 C:\xampp\htdocs\yii\framework\web\auth\CWebUser.php(140): CComponent->__get('premission')
#1 C:\xampp\htdocs\newsenkar\protected\controllers\MainController.php(87): CWebUser->__get('premission')
#2 C:\xampp\htdocs\yii\framework\web\actions\CInlineAction.php(49): MainController->actionInsert()
#3 C:\xampp\htdocs\yii\framework\web\CController.php(308): CInlineAction->runWithParams(Array)
#4 C:\xampp\htdocs\yii\framework\web\CController.php(286): CController->runAction(Object(CInlineAction))
#5 C:\xampp\htdocs\yii\framework\web\CController.php(265): CController->runActionWithFilters(Object(CInlineAction), Array)
#6 C:\xampp\htdocs\yii\framework\web\CWebApplication.php(282): CController->run('insert')
#7 C:\xampp\htdocs\yii\framework\web\CWebApplication.php(141): CWebApplication->runController('main/insert')
#8 C:\xampp\htdocs\yii\framework\base\CApplication.php(169): CWebApplication->processRequest()
#9 C:\xampp\htdocs\newsenkar\index.php(11): CApplication->run()
#10 {main}
REQUEST_URI=/newsenkar/insert
---
2013/03/13 23:39:01 [error] [exception.CException] exception 'CException' with message 'Property "CWebUser.premission" is not defined.' in C:\xampp\htdocs\yii\framework\base\CComponent.php:130
Stack trace:
#0 C:\xampp\htdocs\yii\framework\web\auth\CWebUser.php(140): CComponent->__get('premission')
#1 C:\xampp\htdocs\newsenkar\protected\controllers\MainController.php(87): CWebUser->__get('premission')
#2 C:\xampp\htdocs\yii\framework\web\actions\CInlineAction.php(49): MainController->actionInsert()
#3 C:\xampp\htdocs\yii\framework\web\CController.php(308): CInlineAction->runWithParams(Array)
#4 C:\xampp\htdocs\yii\framework\web\CController.php(286): CController->runAction(Object(CInlineAction))
#5 C:\xampp\htdocs\yii\framework\web\CController.php(265): CController->runActionWithFilters(Object(CInlineAction), Array)
#6 C:\xampp\htdocs\yii\framework\web\CWebApplication.php(282): CController->run('insert')
#7 C:\xampp\htdocs\yii\framework\web\CWebApplication.php(141): CWebApplication->runController('main/insert')
#8 C:\xampp\htdocs\yii\framework\base\CApplication.php(169): CWebApplication->processRequest()
#9 C:\xampp\htdocs\newsenkar\index.php(11): CApplication->run()
#10 {main}
REQUEST_URI=/newsenkar/insert
---
2013/03/13 23:39:07 [error] [exception.CException] exception 'CException' with message 'Property "CWebUser.premission" is not defined.' in C:\xampp\htdocs\yii\framework\base\CComponent.php:130
Stack trace:
#0 C:\xampp\htdocs\yii\framework\web\auth\CWebUser.php(140): CComponent->__get('premission')
#1 C:\xampp\htdocs\newsenkar\protected\controllers\MainController.php(87): CWebUser->__get('premission')
#2 C:\xampp\htdocs\yii\framework\web\actions\CInlineAction.php(49): MainController->actionInsert()
#3 C:\xampp\htdocs\yii\framework\web\CController.php(308): CInlineAction->runWithParams(Array)
#4 C:\xampp\htdocs\yii\framework\web\CController.php(286): CController->runAction(Object(CInlineAction))
#5 C:\xampp\htdocs\yii\framework\web\CController.php(265): CController->runActionWithFilters(Object(CInlineAction), Array)
#6 C:\xampp\htdocs\yii\framework\web\CWebApplication.php(282): CController->run('insert')
#7 C:\xampp\htdocs\yii\framework\web\CWebApplication.php(141): CWebApplication->runController('main/insert')
#8 C:\xampp\htdocs\yii\framework\base\CApplication.php(169): CWebApplication->processRequest()
#9 C:\xampp\htdocs\newsenkar\index.php(11): CApplication->run()
#10 {main}
REQUEST_URI=/newsenkar/insert
---
2013/03/13 23:54:07 [error] [php] Undefined variable: listuser (C:\xampp\htdocs\newsenkar\protected\views\user\alluser.php:42)
Stack trace:
#0 C:\xampp\htdocs\yii\framework\web\CController.php(869): UserController->renderFile()
#1 C:\xampp\htdocs\yii\framework\web\CController.php(782): UserController->renderPartial()
#2 C:\xampp\htdocs\newsenkar\protected\controllers\UserController.php(63): UserController->render()
#3 unknown(0): UserController->actionDelete()
#4 C:\xampp\htdocs\yii\framework\web\actions\CAction.php(108): ReflectionMethod->invokeArgs()
#5 C:\xampp\htdocs\yii\framework\web\actions\CInlineAction.php(47): CInlineAction->runWithParamsInternal()
#6 C:\xampp\htdocs\yii\framework\web\CController.php(308): CInlineAction->runWithParams()
#7 C:\xampp\htdocs\yii\framework\web\CController.php(286): UserController->runAction()
#8 C:\xampp\htdocs\yii\framework\web\CController.php(265): UserController->runActionWithFilters()
#9 C:\xampp\htdocs\yii\framework\web\CWebApplication.php(282): UserController->run()
#10 C:\xampp\htdocs\yii\framework\web\CWebApplication.php(141): CWebApplication->runController()
#11 C:\xampp\htdocs\yii\framework\base\CApplication.php(169): CWebApplication->processRequest()
#12 C:\xampp\htdocs\newsenkar\index.php(11): CWebApplication->run()
REQUEST_URI=/newsenkar/deleteuser?id=3
2013/03/14 00:10:50 [error] [exception.CHttpException.404] exception 'CHttpException' with message 'Unable to resolve the request "css/jquery.mobile-1.3.0.min.css".' in C:\xampp\htdocs\yii\framework\web\CWebApplication.php:286
Stack trace:
#0 C:\xampp\htdocs\yii\framework\web\CWebApplication.php(141): CWebApplication->runController('css/jquery.mobi...')
#1 C:\xampp\htdocs\yii\framework\base\CApplication.php(169): CWebApplication->processRequest()
#2 C:\xampp\htdocs\newsenkar\index.php(11): CApplication->run()
#3 {main}
REQUEST_URI=/newsenkar/css/jquery.mobile-1.3.0.min.css
HTTP_REFERER=http://localhost/newsenkar/viewalluser
---
2013/03/14 00:10:50 [error] [exception.CHttpException.404] exception 'CHttpException' with message 'Unable to resolve the request "js/jquery.mobile-1.3.0.min.js".' in C:\xampp\htdocs\yii\framework\web\CWebApplication.php:286
Stack trace:
#0 C:\xampp\htdocs\yii\framework\web\CWebApplication.php(141): CWebApplication->runController('js/jquery.mobil...')
#1 C:\xampp\htdocs\yii\framework\base\CApplication.php(169): CWebApplication->processRequest()
#2 C:\xampp\htdocs\newsenkar\index.php(11): CApplication->run()
#3 {main}
REQUEST_URI=/newsenkar/js/jquery.mobile-1.3.0.min.js
HTTP_REFERER=http://localhost/newsenkar/viewalluser
---
2013/03/14 00:10:50 [error] [exception.CHttpException.404] exception 'CHttpException' with message 'Unable to resolve the request "js/jquery.mobile-1.3.0.min.js".' in C:\xampp\htdocs\yii\framework\web\CWebApplication.php:286
Stack trace:
#0 C:\xampp\htdocs\yii\framework\web\CWebApplication.php(141): CWebApplication->runController('js/jquery.mobil...')
#1 C:\xampp\htdocs\yii\framework\base\CApplication.php(169): CWebApplication->processRequest()
#2 C:\xampp\htdocs\newsenkar\index.php(11): CApplication->run()
#3 {main}
REQUEST_URI=/newsenkar/js/jquery.mobile-1.3.0.min.js
HTTP_REFERER=http://localhost/newsenkar/viewalluser
---
